<?xml version="1.0" encoding="UTF-8"?>
<!-- Generated by org.testng.reporters.JUnitReportReporter -->
<testsuite hostname="DESKTOP-590K7LO" failures="0" tests="1" name="test.TestExample" time="7.306" errors="0" timestamp="2022-07-05T16:40:02 IST" skipped="0">
  <testcase classname="test.TestExample" name="drawFace" time="7.306"/>
  <system-out/>
</testsuite> <!-- test.TestExample -->
